<?xml version="1.0" encoding="UTF-8"?>
<!-- Generated by org.testng.reporters.JUnitReportReporter -->
<testsuite hostname="Freds-MBP.home" failures="0" tests="2" name="AutomatedProject.Tests.SubmitOrderTest" time="25.356" errors="0" timestamp="2024-11-26T17:32:48 EST" skipped="0">
  <testcase classname="AutomatedProject.Tests.SubmitOrderTest" name="submitOrder" time="13.264"/>
  <system-out/>
  <testcase classname="AutomatedProject.Tests.SubmitOrderTest" name="OrderHistoryTest" time="12.092"/>
  <system-out/>
</testsuite> <!-- AutomatedProject.Tests.SubmitOrderTest -->
