<?xml version="1.0" encoding="UTF-8"?>
<!-- Generated by org.testng.reporters.JUnitReportReporter -->
<testsuite hostname="Freds-MBP.home" failures="0" tests="1" name="cucumber.TestNGTestRunner" time="9.572" errors="0" timestamp="2024-11-20T17:43:32 EST" skipped="0">
  <testcase classname="cucumber.TestNGTestRunner" name="runScenario" time="9.572"/>
  <system-out/>
</testsuite> <!-- cucumber.TestNGTestRunner -->
