<?xml version="1.0" encoding="UTF-8"?>
<!-- Generated by org.testng.reporters.JUnitReportReporter -->
<testsuite hostname="Freds-MBP.home" failures="0" tests="2" name="AutomatedProject.Tests.SubmitOrderTest" time="26.253" errors="0" timestamp="2024-12-02T16:31:45 EST" skipped="0">
  <testcase classname="AutomatedProject.Tests.SubmitOrderTest" name="OrderHistoryTest" time="12.395"/>
  <system-out/>
  <testcase classname="AutomatedProject.Tests.SubmitOrderTest" name="submitOrder" time="13.858"/>
  <system-out/>
</testsuite> <!-- AutomatedProject.Tests.SubmitOrderTest -->
