<?xml version="1.0" encoding="UTF-8"?>
<!-- Generated by org.testng.reporters.JUnitReportReporter -->
<testsuite hostname="Freds-MBP.home" failures="0" tests="2" name="AutomatedProject.Tests.SubmitOrderTest" time="40.310" errors="0" timestamp="2024-11-18T14:59:50 EST" skipped="0">
  <testcase classname="AutomatedProject.Tests.SubmitOrderTest" name="OrderHistoryTest" time="26.230"/>
  <system-out/>
  <testcase classname="AutomatedProject.Tests.SubmitOrderTest" name="submitOrder" time="14.080"/>
  <system-out/>
</testsuite> <!-- AutomatedProject.Tests.SubmitOrderTest -->
