<?xml version="1.0" encoding="UTF-8"?>
<!-- Generated by org.testng.reporters.JUnitReportReporter -->
<testsuite hostname="Freds-MBP.home" failures="0" tests="2" name="AutomatedProject.Tests.ErrorValidations" time="20.080" errors="0" timestamp="2024-11-12T16:13:48 EST" skipped="0">
  <testcase classname="AutomatedProject.Tests.ErrorValidations" name="ProductErrorValidation" time="10.759"/>
  <system-out/>
  <testcase classname="AutomatedProject.Tests.ErrorValidations" name="LoginErrorValidation" time="9.321"/>
  <system-out/>
</testsuite> <!-- AutomatedProject.Tests.ErrorValidations -->
