<?xml version="1.0" encoding="UTF-8"?>
<!-- Generated by org.testng.reporters.JUnitReportReporter -->
<testsuite hostname="Freds-MBP.home" failures="0" tests="2" name="AutomatedProject.Tests.ErrorValidationsTest" time="20.181" errors="0" timestamp="2024-12-02T11:45:53 EST" skipped="0">
  <testcase classname="AutomatedProject.Tests.ErrorValidationsTest" name="LoginErrorValidation" time="9.424"/>
  <system-out/>
  <testcase classname="AutomatedProject.Tests.ErrorValidationsTest" name="ProductErrorValidation" time="10.757"/>
  <system-out/>
</testsuite> <!-- AutomatedProject.Tests.ErrorValidationsTest -->
