<?xml version="1.0" encoding="UTF-8"?>
<!-- Generated by org.testng.reporters.JUnitReportReporter -->
<testsuite hostname="Freds-MBP.home" failures="0" tests="2" name="AutomatedProject.Tests.SubmitOrderTest" time="27.958" errors="0" timestamp="2024-11-26T17:38:06 EST" skipped="0">
  <testcase classname="AutomatedProject.Tests.SubmitOrderTest" name="submitOrder" time="9.738"/>
  <testcase classname="AutomatedProject.Tests.SubmitOrderTest" name="OrderHistoryTest" time="18.220"/>
</testsuite> <!-- AutomatedProject.Tests.SubmitOrderTest -->
