<?xml version="1.0" encoding="UTF-8"?>
<!-- Generated by org.testng.reporters.JUnitReportReporter -->
<testsuite hostname="Freds-MBP.home" failures="0" tests="2" name="AutomatedProject.Tests.ErrorValidationsTest" time="25.218" errors="0" timestamp="2024-12-10T11:27:56 EST" skipped="0">
  <testcase classname="AutomatedProject.Tests.ErrorValidationsTest" name="LoginErrorValidation" time="8.019"/>
  <testcase classname="AutomatedProject.Tests.ErrorValidationsTest" name="ProductErrorValidation" time="17.199"/>
</testsuite> <!-- AutomatedProject.Tests.ErrorValidationsTest -->
