<?xml version="1.0" encoding="UTF-8"?>
<!-- Generated by org.testng.reporters.JUnitReportReporter -->
<testsuite hostname="Freds-MBP.home" failures="0" tests="2" name="AutomatedProject.Tests.SubmitOrderTest" time="31.564" errors="0" timestamp="2024-11-27T15:09:54 EST" skipped="0">
  <testcase classname="AutomatedProject.Tests.SubmitOrderTest" name="OrderHistoryTest" time="12.172"/>
  <testcase classname="AutomatedProject.Tests.SubmitOrderTest" name="submitOrder" time="19.392"/>
</testsuite> <!-- AutomatedProject.Tests.SubmitOrderTest -->
