<?xml version="1.0" encoding="UTF-8"?>
<!-- Generated by org.testng.reporters.JUnitReportReporter -->
<testsuite hostname="Freds-MBP.home" failures="0" tests="2" name="AutomatedProject.Tests.SubmitOrderTest" time="26.811" errors="0" timestamp="2024-12-02T17:22:52 EST" skipped="0">
  <testcase classname="AutomatedProject.Tests.SubmitOrderTest" name="OrderHistoryTest" time="11.826"/>
  <testcase classname="AutomatedProject.Tests.SubmitOrderTest" name="submitOrder" time="14.985"/>
</testsuite> <!-- AutomatedProject.Tests.SubmitOrderTest -->
