<?xml version="1.0" encoding="UTF-8"?>
<!-- Generated by org.testng.reporters.JUnitReportReporter -->
<testsuite hostname="Freds-MBP.home" failures="0" tests="2" name="AutomatedProject.Tests.ErrorValidationsTest" time="26.866" errors="0" timestamp="2024-12-02T17:22:52 EST" skipped="0">
  <testcase classname="AutomatedProject.Tests.ErrorValidationsTest" name="ProductErrorValidation" time="12.876"/>
  <testcase classname="AutomatedProject.Tests.ErrorValidationsTest" name="LoginErrorValidation" time="13.990"/>
</testsuite> <!-- AutomatedProject.Tests.ErrorValidationsTest -->
