<?xml version="1.0" encoding="UTF-8"?>
<!-- Generated by org.testng.reporters.JUnitReportReporter -->
<testsuite hostname="Freds-MBP.home" failures="0" tests="2" name="AutomatedProject.Tests.SubmitOrderTest" time="30.681" errors="0" timestamp="2024-12-10T11:27:56 EST" skipped="0">
  <testcase classname="AutomatedProject.Tests.SubmitOrderTest" name="OrderHistoryTest" time="11.118"/>
  <testcase classname="AutomatedProject.Tests.SubmitOrderTest" name="submitOrder" time="19.563"/>
</testsuite> <!-- AutomatedProject.Tests.SubmitOrderTest -->
