<?xml version="1.0" encoding="UTF-8"?>
<!-- Generated by org.testng.reporters.JUnitReportReporter -->
<testsuite hostname="Freds-MBP.home" failures="0" tests="2" name="AutomatedProject.Tests.ErrorValidationsTest" time="25.549" errors="0" timestamp="2024-11-27T15:09:54 EST" skipped="0">
  <testcase classname="AutomatedProject.Tests.ErrorValidationsTest" name="LoginErrorValidation" time="8.618"/>
  <testcase classname="AutomatedProject.Tests.ErrorValidationsTest" name="ProductErrorValidation" time="16.931"/>
</testsuite> <!-- AutomatedProject.Tests.ErrorValidationsTest -->
