<?xml version="1.0" encoding="UTF-8"?>
<!-- Generated by org.testng.reporters.JUnitReportReporter -->
<testsuite hostname="Freds-MBP.home" failures="0" tests="2" name="AutomatedProject.Tests.ErrorValidationsTest" time="21.844" errors="0" timestamp="2024-11-26T17:38:06 EST" skipped="0">
  <testcase classname="AutomatedProject.Tests.ErrorValidationsTest" name="ProductErrorValidation" time="11.548"/>
  <testcase classname="AutomatedProject.Tests.ErrorValidationsTest" name="LoginErrorValidation" time="10.296"/>
</testsuite> <!-- AutomatedProject.Tests.ErrorValidationsTest -->
